<?xml version="1.0" encoding="UTF-8"?>
<testng-results ignored="0" total="0" passed="0" failed="0" skipped="0">
  <reporter-output>
  </reporter-output>
  <suite started-at="2022-10-01T14:57:46Z" name="com.tau.base.BaseTest" finished-at="2022-10-01T14:57:46Z" duration-ms="7">
    <groups>
    </groups>
    <test started-at="2022-10-01T14:57:46Z" name="Command line test" finished-at="2022-10-01T14:57:46Z" duration-ms="7">
    </test> <!-- Command line test -->
  </suite> <!-- com.tau.base.BaseTest -->
</testng-results>
