[
  {
    "line": 2,
    "elements": [
      {
        "start_timestamp": "2022-10-03T16:07:08.450Z",
        "before": [
          {
            "result": {
              "duration": 24796953600,
              "status": "passed"
            },
            "match": {
              "location": "com.tau.steps.Steps4.setup() in file:/C:/Users/emada/eclipse-workspace/tau-cucumber-course-ch4/target/test-classes/"
            }
          }
        ],
        "line": 14,
        "name": "Login Successful",
        "description": "",
        "id": "login-functionality;login-successful;;2",
        "type": "scenario",
        "keyword": "Scenario Outline",
        "steps": [
          {
            "result": {
              "duration": 4985900,
              "status": "passed"
            },
            "line": 8,
            "name": "I am in the login page of the Para Bank Application",
            "match": {
              "location": "com.tau.steps.Steps4.i_am_in_the_login_page_of_the_Para_Bank_Application() in file:/C:/Users/emada/eclipse-workspace/tau-cucumber-course-ch4/target/test-classes/"
            },
            "keyword": "Given "
          },
          {
            "result": {
              "duration": 3717952200,
              "status": "passed"
            },
            "line": 9,
            "name": "I enter valid \"abdo3\" and \"123456\"",
            "match": {
              "arguments": [
                {
                  "val": "\"abdo3\"",
                  "offset": 14
                },
                {
                  "val": "\"123456\"",
                  "offset": 26
                }
              ],
              "location": "com.tau.steps.Steps4.i_enter_valid_credentials(String,String) in file:/C:/Users/emada/eclipse-workspace/tau-cucumber-course-ch4/target/test-classes/"
            },
            "keyword": "When "
          },
          {
            "result": {
              "error_message": "org.openqa.selenium.NoSuchElementException: no such element: Unable to locate element: {\"method\":\"link text\",\"selector\":\"Log Out\"}\n  (Session info: chrome\u003d106.0.5249.91)\nFor documentation on this error, please visit: https://www.seleniumhq.org/exceptions/no_such_element.html\nBuild info: version: \u00273.141.59\u0027, revision: \u0027e82be7d358\u0027, time: \u00272018-11-14T08:17:03\u0027\nSystem info: host: \u0027DESKTOP-9PQJDKT\u0027, ip: \u0027192.168.8.102\u0027, os.name: \u0027Windows 10\u0027, os.arch: \u0027amd64\u0027, os.version: \u002710.0\u0027, java.version: \u002717.0.2\u0027\nDriver info: org.openqa.selenium.chrome.ChromeDriver\nCapabilities {acceptInsecureCerts: false, browserName: chrome, browserVersion: 106.0.5249.91, chrome: {chromedriverVersion: 105.0.5195.52 (412c95e51883..., userDataDir: C:\\Users\\emada\\AppData\\Loca...}, goog:chromeOptions: {debuggerAddress: localhost:61310}, javascriptEnabled: true, networkConnectionEnabled: false, pageLoadStrategy: normal, platform: WINDOWS, platformName: WINDOWS, proxy: Proxy(), setWindowRect: true, strictFileInteractability: false, timeouts: {implicit: 0, pageLoad: 300000, script: 30000}, unhandledPromptBehavior: dismiss and notify, webauthn:extension:credBlob: true, webauthn:extension:largeBlob: true, webauthn:virtualAuthenticators: true}\nSession ID: 5bc9a6d5a3d5d7bc31113fcd96eff999\n*** Element info: {Using\u003dlink text, value\u003dLog Out}\r\n\tat java.base/jdk.internal.reflect.NativeConstructorAccessorImpl.newInstance0(Native Method)\r\n\tat java.base/jdk.internal.reflect.NativeConstructorAccessorImpl.newInstance(NativeConstructorAccessorImpl.java:77)\r\n\tat java.base/jdk.internal.reflect.DelegatingConstructorAccessorImpl.newInstance(DelegatingConstructorAccessorImpl.java:45)\r\n\tat java.base/java.lang.reflect.Constructor.newInstanceWithCaller(Constructor.java:499)\r\n\tat java.base/java.lang.reflect.Constructor.newInstance(Constructor.java:480)\r\n\tat org.openqa.selenium.remote.http.W3CHttpResponseCodec.createException(W3CHttpResponseCodec.java:187)\r\n\tat org.openqa.selenium.remote.http.W3CHttpResponseCodec.decode(W3CHttpResponseCodec.java:122)\r\n\tat org.openqa.selenium.remote.http.W3CHttpResponseCodec.decode(W3CHttpResponseCodec.java:49)\r\n\tat org.openqa.selenium.remote.HttpCommandExecutor.execute(HttpCommandExecutor.java:158)\r\n\tat org.openqa.selenium.remote.service.DriverCommandExecutor.execute(DriverCommandExecutor.java:83)\r\n\tat org.openqa.selenium.remote.RemoteWebDriver.execute(RemoteWebDriver.java:552)\r\n\tat org.openqa.selenium.remote.RemoteWebDriver.findElement(RemoteWebDriver.java:323)\r\n\tat org.openqa.selenium.remote.RemoteWebDriver.findElementByLinkText(RemoteWebDriver.java:380)\r\n\tat org.openqa.selenium.By$ByLinkText.findElement(By.java:220)\r\n\tat org.openqa.selenium.remote.RemoteWebDriver.findElement(RemoteWebDriver.java:315)\r\n\tat com.tau.steps.Steps4.i_should_be_taken_to_the_Overview_page(Steps4.java:38)\r\n\tat ✽.I should be taken to the Overview page(///C:/Users/emada/eclipse-workspace/tau-cucumber-course-ch4/src/main/resources/login4.feature:10)\r\n",
              "duration": 59839900,
              "status": "failed"
            },
            "line": 10,
            "name": "I should be taken to the Overview page",
            "match": {
              "location": "com.tau.steps.Steps4.i_should_be_taken_to_the_Overview_page() in file:/C:/Users/emada/eclipse-workspace/tau-cucumber-course-ch4/target/test-classes/"
            },
            "keyword": "Then "
          }
        ]
      },
      {
        "start_timestamp": "2022-10-03T16:07:37.137Z",
        "before": [
          {
            "result": {
              "duration": 16951200800,
              "status": "passed"
            },
            "match": {
              "location": "com.tau.steps.Steps4.setup() in file:/C:/Users/emada/eclipse-workspace/tau-cucumber-course-ch4/target/test-classes/"
            }
          }
        ],
        "line": 15,
        "name": "Login Successful",
        "description": "",
        "id": "login-functionality;login-successful;;3",
        "type": "scenario",
        "keyword": "Scenario Outline",
        "steps": [
          {
            "result": {
              "duration": 1996700,
              "status": "passed"
            },
            "line": 8,
            "name": "I am in the login page of the Para Bank Application",
            "match": {
              "location": "com.tau.steps.Steps4.i_am_in_the_login_page_of_the_Para_Bank_Application() in file:/C:/Users/emada/eclipse-workspace/tau-cucumber-course-ch4/target/test-classes/"
            },
            "keyword": "Given "
          },
          {
            "result": {
              "duration": 3813031500,
              "status": "passed"
            },
            "line": 9,
            "name": "I enter valid \"abdo4\" and \"123456\"",
            "match": {
              "arguments": [
                {
                  "val": "\"abdo4\"",
                  "offset": 14
                },
                {
                  "val": "\"123456\"",
                  "offset": 26
                }
              ],
              "location": "com.tau.steps.Steps4.i_enter_valid_credentials(String,String) in file:/C:/Users/emada/eclipse-workspace/tau-cucumber-course-ch4/target/test-classes/"
            },
            "keyword": "When "
          },
          {
            "result": {
              "error_message": "org.openqa.selenium.NoSuchElementException: no such element: Unable to locate element: {\"method\":\"link text\",\"selector\":\"Log Out\"}\n  (Session info: chrome\u003d106.0.5249.91)\nFor documentation on this error, please visit: https://www.seleniumhq.org/exceptions/no_such_element.html\nBuild info: version: \u00273.141.59\u0027, revision: \u0027e82be7d358\u0027, time: \u00272018-11-14T08:17:03\u0027\nSystem info: host: \u0027DESKTOP-9PQJDKT\u0027, ip: \u0027192.168.8.102\u0027, os.name: \u0027Windows 10\u0027, os.arch: \u0027amd64\u0027, os.version: \u002710.0\u0027, java.version: \u002717.0.2\u0027\nDriver info: org.openqa.selenium.chrome.ChromeDriver\nCapabilities {acceptInsecureCerts: false, browserName: chrome, browserVersion: 106.0.5249.91, chrome: {chromedriverVersion: 105.0.5195.52 (412c95e51883..., userDataDir: C:\\Users\\emada\\AppData\\Loca...}, goog:chromeOptions: {debuggerAddress: localhost:61329}, javascriptEnabled: true, networkConnectionEnabled: false, pageLoadStrategy: normal, platform: WINDOWS, platformName: WINDOWS, proxy: Proxy(), setWindowRect: true, strictFileInteractability: false, timeouts: {implicit: 0, pageLoad: 300000, script: 30000}, unhandledPromptBehavior: dismiss and notify, webauthn:extension:credBlob: true, webauthn:extension:largeBlob: true, webauthn:virtualAuthenticators: true}\nSession ID: bb65680d48ee6d4bc19dc0e307f19610\n*** Element info: {Using\u003dlink text, value\u003dLog Out}\r\n\tat java.base/jdk.internal.reflect.NativeConstructorAccessorImpl.newInstance0(Native Method)\r\n\tat java.base/jdk.internal.reflect.NativeConstructorAccessorImpl.newInstance(NativeConstructorAccessorImpl.java:77)\r\n\tat java.base/jdk.internal.reflect.DelegatingConstructorAccessorImpl.newInstance(DelegatingConstructorAccessorImpl.java:45)\r\n\tat java.base/java.lang.reflect.Constructor.newInstanceWithCaller(Constructor.java:499)\r\n\tat java.base/java.lang.reflect.Constructor.newInstance(Constructor.java:480)\r\n\tat org.openqa.selenium.remote.http.W3CHttpResponseCodec.createException(W3CHttpResponseCodec.java:187)\r\n\tat org.openqa.selenium.remote.http.W3CHttpResponseCodec.decode(W3CHttpResponseCodec.java:122)\r\n\tat org.openqa.selenium.remote.http.W3CHttpResponseCodec.decode(W3CHttpResponseCodec.java:49)\r\n\tat org.openqa.selenium.remote.HttpCommandExecutor.execute(HttpCommandExecutor.java:158)\r\n\tat org.openqa.selenium.remote.service.DriverCommandExecutor.execute(DriverCommandExecutor.java:83)\r\n\tat org.openqa.selenium.remote.RemoteWebDriver.execute(RemoteWebDriver.java:552)\r\n\tat org.openqa.selenium.remote.RemoteWebDriver.findElement(RemoteWebDriver.java:323)\r\n\tat org.openqa.selenium.remote.RemoteWebDriver.findElementByLinkText(RemoteWebDriver.java:380)\r\n\tat org.openqa.selenium.By$ByLinkText.findElement(By.java:220)\r\n\tat org.openqa.selenium.remote.RemoteWebDriver.findElement(RemoteWebDriver.java:315)\r\n\tat com.tau.steps.Steps4.i_should_be_taken_to_the_Overview_page(Steps4.java:38)\r\n\tat ✽.I should be taken to the Overview page(///C:/Users/emada/eclipse-workspace/tau-cucumber-course-ch4/src/main/resources/login4.feature:10)\r\n",
              "duration": 36901800,
              "status": "failed"
            },
            "line": 10,
            "name": "I should be taken to the Overview page",
            "match": {
              "location": "com.tau.steps.Steps4.i_should_be_taken_to_the_Overview_page() in file:/C:/Users/emada/eclipse-workspace/tau-cucumber-course-ch4/target/test-classes/"
            },
            "keyword": "Then "
          }
        ]
      }
    ],
    "name": "Login Functionality",
    "description": "\tIn order to do internet banking\n\tAs a valid Para Bank customer\n\tI want to login successfully",
    "id": "login-functionality",
    "keyword": "Feature",
    "uri": "file:src/main/resources/login4.feature",
    "tags": []
  },
  {
    "line": 2,
    "elements": [
      {
        "start_timestamp": "2022-10-03T16:07:57.952Z",
        "before": [
          {
            "result": {
              "duration": 18148716500,
              "status": "passed"
            },
            "match": {
              "location": "com.tau.steps.Steps4.setup() in file:/C:/Users/emada/eclipse-workspace/tau-cucumber-course-ch4/target/test-classes/"
            }
          }
        ],
        "line": 14,
        "name": "Login Successful",
        "description": "",
        "id": "login-functionality;login-successful;;2",
        "type": "scenario",
        "keyword": "Scenario Outline",
        "steps": [
          {
            "result": {
              "duration": 997800,
              "status": "passed"
            },
            "line": 8,
            "name": "I am in the login page of the Para Bank Application",
            "match": {
              "location": "com.tau.steps.Steps4.i_am_in_the_login_page_of_the_Para_Bank_Application() in file:/C:/Users/emada/eclipse-workspace/tau-cucumber-course-ch4/target/test-classes/"
            },
            "keyword": "Given "
          },
          {
            "result": {
              "duration": 1207275200,
              "status": "passed"
            },
            "line": 9,
            "name": "I enter valid \"abdo3\" and \"123456\"",
            "match": {
              "arguments": [
                {
                  "val": "\"abdo3\"",
                  "offset": 14
                },
                {
                  "val": "\"123456\"",
                  "offset": 26
                }
              ],
              "location": "com.tau.steps.Steps4.i_enter_valid_credentials(String,String) in file:/C:/Users/emada/eclipse-workspace/tau-cucumber-course-ch4/target/test-classes/"
            },
            "keyword": "When "
          },
          {
            "result": {
              "error_message": "org.openqa.selenium.NoSuchElementException: no such element: Unable to locate element: {\"method\":\"link text\",\"selector\":\"Log Out\"}\n  (Session info: chrome\u003d106.0.5249.91)\nFor documentation on this error, please visit: https://www.seleniumhq.org/exceptions/no_such_element.html\nBuild info: version: \u00273.141.59\u0027, revision: \u0027e82be7d358\u0027, time: \u00272018-11-14T08:17:03\u0027\nSystem info: host: \u0027DESKTOP-9PQJDKT\u0027, ip: \u0027192.168.8.102\u0027, os.name: \u0027Windows 10\u0027, os.arch: \u0027amd64\u0027, os.version: \u002710.0\u0027, java.version: \u002717.0.2\u0027\nDriver info: org.openqa.selenium.chrome.ChromeDriver\nCapabilities {acceptInsecureCerts: false, browserName: chrome, browserVersion: 106.0.5249.91, chrome: {chromedriverVersion: 105.0.5195.52 (412c95e51883..., userDataDir: C:\\Users\\emada\\AppData\\Loca...}, goog:chromeOptions: {debuggerAddress: localhost:61369}, javascriptEnabled: true, networkConnectionEnabled: false, pageLoadStrategy: normal, platform: WINDOWS, platformName: WINDOWS, proxy: Proxy(), setWindowRect: true, strictFileInteractability: false, timeouts: {implicit: 0, pageLoad: 300000, script: 30000}, unhandledPromptBehavior: dismiss and notify, webauthn:extension:credBlob: true, webauthn:extension:largeBlob: true, webauthn:virtualAuthenticators: true}\nSession ID: 744a501a8dc4c21a9289b5e0d96af3ce\n*** Element info: {Using\u003dlink text, value\u003dLog Out}\r\n\tat java.base/jdk.internal.reflect.NativeConstructorAccessorImpl.newInstance0(Native Method)\r\n\tat java.base/jdk.internal.reflect.NativeConstructorAccessorImpl.newInstance(NativeConstructorAccessorImpl.java:77)\r\n\tat java.base/jdk.internal.reflect.DelegatingConstructorAccessorImpl.newInstance(DelegatingConstructorAccessorImpl.java:45)\r\n\tat java.base/java.lang.reflect.Constructor.newInstanceWithCaller(Constructor.java:499)\r\n\tat java.base/java.lang.reflect.Constructor.newInstance(Constructor.java:480)\r\n\tat org.openqa.selenium.remote.http.W3CHttpResponseCodec.createException(W3CHttpResponseCodec.java:187)\r\n\tat org.openqa.selenium.remote.http.W3CHttpResponseCodec.decode(W3CHttpResponseCodec.java:122)\r\n\tat org.openqa.selenium.remote.http.W3CHttpResponseCodec.decode(W3CHttpResponseCodec.java:49)\r\n\tat org.openqa.selenium.remote.HttpCommandExecutor.execute(HttpCommandExecutor.java:158)\r\n\tat org.openqa.selenium.remote.service.DriverCommandExecutor.execute(DriverCommandExecutor.java:83)\r\n\tat org.openqa.selenium.remote.RemoteWebDriver.execute(RemoteWebDriver.java:552)\r\n\tat org.openqa.selenium.remote.RemoteWebDriver.findElement(RemoteWebDriver.java:323)\r\n\tat org.openqa.selenium.remote.RemoteWebDriver.findElementByLinkText(RemoteWebDriver.java:380)\r\n\tat org.openqa.selenium.By$ByLinkText.findElement(By.java:220)\r\n\tat org.openqa.selenium.remote.RemoteWebDriver.findElement(RemoteWebDriver.java:315)\r\n\tat com.tau.steps.Steps4.i_should_be_taken_to_the_Overview_page(Steps4.java:38)\r\n\tat ✽.I should be taken to the Overview page(///C:/Users/emada/eclipse-workspace/tau-cucumber-course-ch4/src/main/resources/login41.feature:10)\r\n",
              "duration": 32910500,
              "status": "failed"
            },
            "line": 10,
            "name": "I should be taken to the Overview page",
            "match": {
              "location": "com.tau.steps.Steps4.i_should_be_taken_to_the_Overview_page() in file:/C:/Users/emada/eclipse-workspace/tau-cucumber-course-ch4/target/test-classes/"
            },
            "keyword": "Then "
          }
        ]
      },
      {
        "start_timestamp": "2022-10-03T16:08:17.357Z",
        "before": [
          {
            "result": {
              "duration": 17117222100,
              "status": "passed"
            },
            "match": {
              "location": "com.tau.steps.Steps4.setup() in file:/C:/Users/emada/eclipse-workspace/tau-cucumber-course-ch4/target/test-classes/"
            }
          }
        ],
        "line": 15,
        "name": "Login Successful",
        "description": "",
        "id": "login-functionality;login-successful;;3",
        "type": "scenario",
        "keyword": "Scenario Outline",
        "steps": [
          {
            "result": {
              "duration": 993400,
              "status": "passed"
            },
            "line": 8,
            "name": "I am in the login page of the Para Bank Application",
            "match": {
              "location": "com.tau.steps.Steps4.i_am_in_the_login_page_of_the_Para_Bank_Application() in file:/C:/Users/emada/eclipse-workspace/tau-cucumber-course-ch4/target/test-classes/"
            },
            "keyword": "Given "
          },
          {
            "result": {
              "duration": 3561096500,
              "status": "passed"
            },
            "line": 9,
            "name": "I enter valid \"abdo4\" and \"123456\"",
            "match": {
              "arguments": [
                {
                  "val": "\"abdo4\"",
                  "offset": 14
                },
                {
                  "val": "\"123456\"",
                  "offset": 26
                }
              ],
              "location": "com.tau.steps.Steps4.i_enter_valid_credentials(String,String) in file:/C:/Users/emada/eclipse-workspace/tau-cucumber-course-ch4/target/test-classes/"
            },
            "keyword": "When "
          },
          {
            "result": {
              "error_message": "org.openqa.selenium.NoSuchElementException: no such element: Unable to locate element: {\"method\":\"link text\",\"selector\":\"Log Out\"}\n  (Session info: chrome\u003d106.0.5249.91)\nFor documentation on this error, please visit: https://www.seleniumhq.org/exceptions/no_such_element.html\nBuild info: version: \u00273.141.59\u0027, revision: \u0027e82be7d358\u0027, time: \u00272018-11-14T08:17:03\u0027\nSystem info: host: \u0027DESKTOP-9PQJDKT\u0027, ip: \u0027192.168.8.102\u0027, os.name: \u0027Windows 10\u0027, os.arch: \u0027amd64\u0027, os.version: \u002710.0\u0027, java.version: \u002717.0.2\u0027\nDriver info: org.openqa.selenium.chrome.ChromeDriver\nCapabilities {acceptInsecureCerts: false, browserName: chrome, browserVersion: 106.0.5249.91, chrome: {chromedriverVersion: 105.0.5195.52 (412c95e51883..., userDataDir: C:\\Users\\emada\\AppData\\Loca...}, goog:chromeOptions: {debuggerAddress: localhost:61391}, javascriptEnabled: true, networkConnectionEnabled: false, pageLoadStrategy: normal, platform: WINDOWS, platformName: WINDOWS, proxy: Proxy(), setWindowRect: true, strictFileInteractability: false, timeouts: {implicit: 0, pageLoad: 300000, script: 30000}, unhandledPromptBehavior: dismiss and notify, webauthn:extension:credBlob: true, webauthn:extension:largeBlob: true, webauthn:virtualAuthenticators: true}\nSession ID: 6c6c1b67cd5d8f192780621b4425aa54\n*** Element info: {Using\u003dlink text, value\u003dLog Out}\r\n\tat java.base/jdk.internal.reflect.NativeConstructorAccessorImpl.newInstance0(Native Method)\r\n\tat java.base/jdk.internal.reflect.NativeConstructorAccessorImpl.newInstance(NativeConstructorAccessorImpl.java:77)\r\n\tat java.base/jdk.internal.reflect.DelegatingConstructorAccessorImpl.newInstance(DelegatingConstructorAccessorImpl.java:45)\r\n\tat java.base/java.lang.reflect.Constructor.newInstanceWithCaller(Constructor.java:499)\r\n\tat java.base/java.lang.reflect.Constructor.newInstance(Constructor.java:480)\r\n\tat org.openqa.selenium.remote.http.W3CHttpResponseCodec.createException(W3CHttpResponseCodec.java:187)\r\n\tat org.openqa.selenium.remote.http.W3CHttpResponseCodec.decode(W3CHttpResponseCodec.java:122)\r\n\tat org.openqa.selenium.remote.http.W3CHttpResponseCodec.decode(W3CHttpResponseCodec.java:49)\r\n\tat org.openqa.selenium.remote.HttpCommandExecutor.execute(HttpCommandExecutor.java:158)\r\n\tat org.openqa.selenium.remote.service.DriverCommandExecutor.execute(DriverCommandExecutor.java:83)\r\n\tat org.openqa.selenium.remote.RemoteWebDriver.execute(RemoteWebDriver.java:552)\r\n\tat org.openqa.selenium.remote.RemoteWebDriver.findElement(RemoteWebDriver.java:323)\r\n\tat org.openqa.selenium.remote.RemoteWebDriver.findElementByLinkText(RemoteWebDriver.java:380)\r\n\tat org.openqa.selenium.By$ByLinkText.findElement(By.java:220)\r\n\tat org.openqa.selenium.remote.RemoteWebDriver.findElement(RemoteWebDriver.java:315)\r\n\tat com.tau.steps.Steps4.i_should_be_taken_to_the_Overview_page(Steps4.java:38)\r\n\tat ✽.I should be taken to the Overview page(///C:/Users/emada/eclipse-workspace/tau-cucumber-course-ch4/src/main/resources/login41.feature:10)\r\n",
              "duration": 67816900,
              "status": "failed"
            },
            "line": 10,
            "name": "I should be taken to the Overview page",
            "match": {
              "location": "com.tau.steps.Steps4.i_should_be_taken_to_the_Overview_page() in file:/C:/Users/emada/eclipse-workspace/tau-cucumber-course-ch4/target/test-classes/"
            },
            "keyword": "Then "
          }
        ]
      }
    ],
    "name": "Login Functionality",
    "description": "\tIn order to do internet banking\n\tAs a valid Para Bank customer\n\tI want to login successfully",
    "id": "login-functionality",
    "keyword": "Feature",
    "uri": "file:src/main/resources/login41.feature",
    "tags": []
  }
]